0 verbose cli C:\Program Files\nodejs\node.exe C:\Program Files\nodejs\node_modules\npm\bin\npm-cli.js
1 info using npm@10.9.3
2 info using node@v22.19.0
3 silly config load:file:C:\Program Files\nodejs\node_modules\npm\npmrc
4 silly config load:file:C:\Users\nchar\OneDrive\Desktop\Hackathon\mobile\.npmrc
5 silly config load:file:C:\Users\nchar\.npmrc
6 silly config load:file:C:\Users\nchar\AppData\Roaming\npm\etc\npmrc
7 verbose title npm list expo-image-picker
8 verbose argv "list" "expo-image-picker"
9 verbose logfile logs-max:10 dir:C:\Users\nchar\OneDrive\Desktop\Hackathon\mobile\.npm-cache\_logs\2026-03-06T11_34_28_928Z-
10 verbose logfile C:\Users\nchar\OneDrive\Desktop\Hackathon\mobile\.npm-cache\_logs\2026-03-06T11_34_28_928Z-debug-0.log
11 silly logfile start cleaning logs, removing 1 files
12 silly packumentCache heap:4345298944 maxSize:1086324736 maxEntrySize:543162368
13 silly logfile done cleaning log files
14 verbose cwd C:\Users\nchar\OneDrive\Desktop\Hackathon\mobile
15 verbose os Windows_NT 10.0.26200
16 verbose node v22.19.0
17 verbose npm  v10.9.3
18 verbose exit 0
19 info ok
